  Using 'git status' to determine working set for adaptive non-unity build (D:\ld44\UE_4.22\LudumDare).
  Creating makefile for PossessTheBabyEditor (ini files are newer than makefile)
  Parsing headers for PossessTheBabyEditor
    Running UnrealHeaderTool "D:\ld44\UE_4.22\LudumDare\PossessTheBaby\PossessTheBaby.uproject" "D:\ld44\UE_4.22\LudumDare\PossessTheBaby\Intermediate\Build\Win64\PossessTheBabyEditor\Development\PossessTheBabyEditor.uhtmanifest" -LogCmds="loginit warning, logexit warning, logdatabase error" -Unattended -WarningsAsErrors -installed
  Reflection code generated for PossessTheBabyEditor in 4.7472615 seconds
  Using Visual Studio 2017 14.16.27023 toolchain (C:\Program Files (x86)\Microsoft Visual Studio\2017\Community\VC\Tools\MSVC\14.16.27023) and Windows 10.0.17763.0 SDK (C:\Program Files (x86)\Windows Kits\10).
  Building 11 actions with 12 processes...
    [1/11] Default.rc2
    [2/11] SharedPCH.Engine.cpp
    [3/11] PossessTheBaby.init.gen.cpp
    [4/11] PossessTheBaby.cpp
    [5/11] PossessTheBabyGameMode.gen.cpp
    [6/11] PossessTheBabyCharacter.cpp
    [7/11] PossessTheBabyGameMode.cpp
    [8/11] PossessTheBabyCharacter.gen.cpp
    [9/11] UE4Editor-PossessTheBaby.lib
       Creating library D:\ld44\UE_4.22\LudumDare\PossessTheBaby\Intermediate\Build\Win64\UE4Editor\Development\PossessTheBaby\UE4Editor-PossessTheBaby.lib and object D:\ld44\UE_4.22\LudumDare\PossessTheBaby\Intermediate\Build\Win64\UE4Editor\Development\PossessTheBaby\UE4Editor-PossessTheBaby.exp
    [10/11] UE4Editor-PossessTheBaby.dll
       Creating library D:\ld44\UE_4.22\LudumDare\PossessTheBaby\Intermediate\Build\Win64\UE4Editor\Development\PossessTheBaby\UE4Editor-PossessTheBaby.suppressed.lib and object D:\ld44\UE_4.22\LudumDare\PossessTheBaby\Intermediate\Build\Win64\UE4Editor\Development\PossessTheBaby\UE4Editor-PossessTheBaby.suppressed.exp
    [11/11] PossessTheBabyEditor.target
  Total time in Parallel executor: 25.90 seconds
  Total execution time: 32.04 seconds
